<?xml version="1.0" encoding="UTF-8"?>
<testng-results ignored="0" total="1" passed="1" failed="0" skipped="0">
  <reporter-output>
  </reporter-output>
  <suite started-at="2025-02-04T13:07:37 IST" name="Default suite" finished-at="2025-02-04T13:08:03 IST" duration-ms="25679">
    <groups>
    </groups>
    <test started-at="2025-02-04T13:07:37 IST" name="Default test" finished-at="2025-02-04T13:08:03 IST" duration-ms="25679">
      <class name="Test_Scenarios.TestMethods_Amazon">
        <test-method is-config="true" signature="beforetest()[pri:0, instance:Test_Scenarios.TestMethods_Amazon@27406a17]" started-at="2025-02-04T13:07:37 IST" name="beforetest" finished-at="2025-02-04T13:07:41 IST" duration-ms="4007" status="PASS">
          <reporter-output>
          </reporter-output>
        </test-method> <!-- beforetest -->
        <test-method signature="LoginOperation()[pri:0, instance:Test_Scenarios.TestMethods_Amazon@27406a17]" started-at="2025-02-04T13:07:41 IST" name="LoginOperation" finished-at="2025-02-04T13:08:03 IST" duration-ms="21581" status="PASS">
          <reporter-output>
          </reporter-output>
        </test-method> <!-- LoginOperation -->
      </class> <!-- Test_Scenarios.TestMethods_Amazon -->
    </test> <!-- Default test -->
  </suite> <!-- Default suite -->
</testng-results>
