<?xml version="1.0" encoding="UTF-8"?>
<testng-results ignored="0" total="1" passed="1" failed="0" skipped="0">
  <reporter-output>
  </reporter-output>
  <suite started-at="2025-02-04T13:28:02Z" name="Suite" finished-at="2025-02-04T13:28:34Z" duration-ms="31723">
    <groups>
    </groups>
    <test started-at="2025-02-04T13:28:02Z" name="Test" finished-at="2025-02-04T13:28:34Z" duration-ms="31723">
      <class name="testScenario.AmazonHomepage.AmazonHomepage_Test">
        <test-method is-config="true" signature="initializeDriver(java.lang.String)[pri:0, instance:testScenario.AmazonHomepage.AmazonHomepage_Test@73cd37c0]" started-at="2025-02-04T13:28:03Z" name="initializeDriver" finished-at="2025-02-04T13:28:08Z" duration-ms="5483" status="PASS">
          <params>
            <param index="0">
              <value>
                <![CDATA[Chrome]]>
              </value>
            </param>
          </params>
          <reporter-output>
          </reporter-output>
        </test-method> <!-- initializeDriver -->
        <test-method signature="TC01_HomePageTest()[pri:0, instance:testScenario.AmazonHomepage.AmazonHomepage_Test@73cd37c0]" started-at="2025-02-04T13:28:08Z" name="TC01_HomePageTest" finished-at="2025-02-04T13:28:34Z" duration-ms="25739" status="PASS">
          <reporter-output>
          </reporter-output>
        </test-method> <!-- TC01_HomePageTest -->
        <test-method is-config="true" signature="closeDriver()[pri:0, instance:testScenario.AmazonHomepage.AmazonHomepage_Test@73cd37c0]" started-at="2025-02-04T13:28:34Z" name="closeDriver" finished-at="2025-02-04T13:28:34Z" duration-ms="475" status="PASS">
          <reporter-output>
          </reporter-output>
        </test-method> <!-- closeDriver -->
      </class> <!-- testScenario.AmazonHomepage.AmazonHomepage_Test -->
    </test> <!-- Test -->
  </suite> <!-- Suite -->
</testng-results>
